<?xml version="1.0" encoding="UTF-8"?>
<!-- Generated by org.testng.reporters.JUnitXMLReporter -->
<testsuite ignored="0" hostname="DESKTOP-ARJSDPO" failures="0" tests="5" name="Default test" time="118.471" errors="0" timestamp="2024-09-01T20:16:32 IST">
  <testcase classname="testcases.Tests$ExtendDemo" name="testWomensCare" time="9.694"/>
  <testcase classname="testcases.Tests$ExtendDemo" name="testpainrelievers" time="9.046"/>
  <testcase classname="testcases.Tests$ExtendDemo" name="testHealth" time="6.858"/>
  <testcase classname="testcases.Tests$ExtendDemo" name="testHealthSuupliments" time="14.29"/>
  <testcase classname="testcases.Tests$ExtendDemo" name="Beauty" time="5.626"/>
</testsuite> <!-- Default test -->
