<?xml version="1.0" encoding="UTF-8"?>
<testng-results ignored="0" total="5" passed="5" failed="0" skipped="0">
  <reporter-output>
  </reporter-output>
  <suite started-at="2024-09-01T20:14:33 IST" name="Default suite" finished-at="2024-09-01T20:16:32 IST" duration-ms="118471">
    <groups>
    </groups>
    <test started-at="2024-09-01T20:14:33 IST" name="Default test" finished-at="2024-09-01T20:16:32 IST" duration-ms="118471">
      <class name="testcases.Tests$ExtendDemo">
        <test-method is-config="true" signature="reportconfig()[pri:0, instance:testcases.Tests$ExtendDemo@7bba5817]" started-at="2024-09-01T20:14:34 IST" name="reportconfig" finished-at="2024-09-01T20:14:34 IST" duration-ms="617" status="PASS">
          <reporter-output>
          </reporter-output>
        </test-method> <!-- reportconfig -->
        <test-method is-config="true" signature="setup()[pri:0, instance:testcases.Tests$ExtendDemo@7bba5817]" started-at="2024-09-01T20:14:34 IST" name="setup" finished-at="2024-09-01T20:14:53 IST" duration-ms="18376" status="PASS">
          <reporter-output>
          </reporter-output>
        </test-method> <!-- setup -->
        <test-method signature="testWomensCare()[pri:1, instance:testcases.Tests$ExtendDemo@7bba5817]" started-at="2024-09-01T20:14:53 IST" name="testWomensCare" finished-at="2024-09-01T20:15:02 IST" duration-ms="9694" status="PASS">
          <reporter-output>
          </reporter-output>
        </test-method> <!-- testWomensCare -->
        <test-method is-config="true" signature="teardown()[pri:0, instance:testcases.Tests$ExtendDemo@7bba5817]" started-at="2024-09-01T20:15:02 IST" name="teardown" finished-at="2024-09-01T20:15:07 IST" duration-ms="4944" status="PASS">
          <reporter-output>
          </reporter-output>
        </test-method> <!-- teardown -->
        <test-method is-config="true" signature="setup()[pri:0, instance:testcases.Tests$ExtendDemo@7bba5817]" started-at="2024-09-01T20:15:07 IST" name="setup" finished-at="2024-09-01T20:15:18 IST" duration-ms="11014" status="PASS">
          <reporter-output>
          </reporter-output>
        </test-method> <!-- setup -->
        <test-method signature="testpainrelievers()[pri:1, instance:testcases.Tests$ExtendDemo@7bba5817]" started-at="2024-09-01T20:15:18 IST" name="testpainrelievers" finished-at="2024-09-01T20:15:27 IST" duration-ms="9046" status="PASS">
          <reporter-output>
          </reporter-output>
        </test-method> <!-- testpainrelievers -->
        <test-method is-config="true" signature="teardown()[pri:0, instance:testcases.Tests$ExtendDemo@7bba5817]" started-at="2024-09-01T20:15:27 IST" name="teardown" finished-at="2024-09-01T20:15:29 IST" duration-ms="1351" status="PASS">
          <reporter-output>
          </reporter-output>
        </test-method> <!-- teardown -->
        <test-method is-config="true" signature="setup()[pri:0, instance:testcases.Tests$ExtendDemo@7bba5817]" started-at="2024-09-01T20:15:29 IST" name="setup" finished-at="2024-09-01T20:15:39 IST" duration-ms="10157" status="PASS">
          <reporter-output>
          </reporter-output>
        </test-method> <!-- setup -->
        <test-method signature="testHealth()[pri:2, instance:testcases.Tests$ExtendDemo@7bba5817]" started-at="2024-09-01T20:15:39 IST" name="testHealth" finished-at="2024-09-01T20:15:46 IST" duration-ms="6858" status="PASS">
          <reporter-output>
          </reporter-output>
        </test-method> <!-- testHealth -->
        <test-method is-config="true" signature="teardown()[pri:0, instance:testcases.Tests$ExtendDemo@7bba5817]" started-at="2024-09-01T20:15:46 IST" name="teardown" finished-at="2024-09-01T20:15:47 IST" duration-ms="1169" status="PASS">
          <reporter-output>
          </reporter-output>
        </test-method> <!-- teardown -->
        <test-method is-config="true" signature="setup()[pri:0, instance:testcases.Tests$ExtendDemo@7bba5817]" started-at="2024-09-01T20:15:47 IST" name="setup" finished-at="2024-09-01T20:16:01 IST" duration-ms="13896" status="PASS">
          <reporter-output>
          </reporter-output>
        </test-method> <!-- setup -->
        <test-method signature="testHealthSuupliments()[pri:3, instance:testcases.Tests$ExtendDemo@7bba5817]" started-at="2024-09-01T20:16:01 IST" name="testHealthSuupliments" finished-at="2024-09-01T20:16:15 IST" duration-ms="14290" status="PASS">
          <reporter-output>
          </reporter-output>
        </test-method> <!-- testHealthSuupliments -->
        <test-method is-config="true" signature="teardown()[pri:0, instance:testcases.Tests$ExtendDemo@7bba5817]" started-at="2024-09-01T20:16:15 IST" name="teardown" finished-at="2024-09-01T20:16:16 IST" duration-ms="975" status="PASS">
          <reporter-output>
          </reporter-output>
        </test-method> <!-- teardown -->
        <test-method is-config="true" signature="setup()[pri:0, instance:testcases.Tests$ExtendDemo@7bba5817]" started-at="2024-09-01T20:16:16 IST" name="setup" finished-at="2024-09-01T20:16:25 IST" duration-ms="9294" status="PASS">
          <reporter-output>
          </reporter-output>
        </test-method> <!-- setup -->
        <test-method signature="Beauty()[pri:4, instance:testcases.Tests$ExtendDemo@7bba5817]" started-at="2024-09-01T20:16:25 IST" name="Beauty" finished-at="2024-09-01T20:16:31 IST" duration-ms="5626" status="PASS">
          <reporter-output>
          </reporter-output>
        </test-method> <!-- Beauty -->
        <test-method is-config="true" signature="teardown()[pri:0, instance:testcases.Tests$ExtendDemo@7bba5817]" started-at="2024-09-01T20:16:31 IST" name="teardown" finished-at="2024-09-01T20:16:32 IST" duration-ms="904" status="PASS">
          <reporter-output>
          </reporter-output>
        </test-method> <!-- teardown -->
      </class> <!-- testcases.Tests$ExtendDemo -->
    </test> <!-- Default test -->
  </suite> <!-- Default suite -->
</testng-results>
